e:\github\learnopengl\05_cube\opengllearn\x64\debug\vc140.pdb
e:\github\learnopengl\05_cube\opengllearn\x64\debug\vc140.idb
e:\github\learnopengl\05_cube\opengllearn\x64\debug\glad.obj
e:\github\learnopengl\05_cube\opengllearn\x64\debug\glutils.obj
e:\github\learnopengl\05_cube\opengllearn\x64\debug\render.obj
e:\github\learnopengl\05_cube\opengllearn\x64\debug\main.obj
e:\github\learnopengl\06_camera\opengllearn\x64\debug\vc140.pdb
e:\github\learnopengl\06_camera\opengllearn\x64\debug\vc140.idb
e:\github\learnopengl\06_camera\opengllearn\x64\debug\glad.obj
e:\github\learnopengl\06_camera\opengllearn\x64\debug\glutils.obj
e:\github\learnopengl\06_camera\opengllearn\x64\debug\render.obj
e:\github\learnopengl\06_camera\opengllearn\x64\debug\main.obj
e:\github\learnopengl\05_cube\x64\debug\texture.ilk
e:\github\learnopengl\05_cube\x64\debug\texture.exe
e:\github\learnopengl\05_cube\x64\debug\texture.pdb
e:\github\learnopengl\06_camera\x64\debug\texture.ilk
e:\github\learnopengl\06_camera\x64\debug\texture.exe
e:\github\learnopengl\06_camera\x64\debug\texture.pdb
e:\github\learnopengl\06_camera\opengllearn\x64\debug\tringle.obj
e:\github\learnopengl\06_camera\opengllearn\x64\debug\texture.tlog\cl.command.1.tlog
e:\github\learnopengl\06_camera\opengllearn\x64\debug\texture.tlog\cl.read.1.tlog
e:\github\learnopengl\06_camera\opengllearn\x64\debug\texture.tlog\cl.write.1.tlog
e:\github\learnopengl\06_camera\opengllearn\x64\debug\texture.tlog\link.command.1.tlog
e:\github\learnopengl\06_camera\opengllearn\x64\debug\texture.tlog\link.read.1.tlog
e:\github\learnopengl\06_camera\opengllearn\x64\debug\texture.tlog\link.write.1.tlog
